<?xml version="1.0" encoding="UTF-8"?>
<testsuite xmlns:xsi="http://www.w3.org/2001/XMLSchema-instance" xsi:noNamespaceSchemaLocation="https://maven.apache.org/surefire/maven-surefire-plugin/xsd/surefire-test-report-3.0.xsd" version="3.0" name="com.chamados.api.chamadosAPI.ChamadosApiTests" time="6.51" tests="1" errors="0" skipped="0" failures="0">
  <properties>
[...]
</properties>
  <testcase name="contextLoads" classname="com.chamados.api.chamadosAPI.ChamadosApiTests" time="0.535">
    <system-out><![CDATA[23:14:21.788 [main] INFO org.springframework.test.context.support.AnnotationConfigContextLoaderUtils -- Could not detect default configuration classes for test class [com.chamados.api.chamadosAPI.ChamadosApiTests]: ChamadosApiTests does not declare any static, non-private, non-final, nested classes annotated with @Configuration.
23:14:22.282 [main] INFO org.springframework.boot.test.context.SpringBootTestContextBootstrapper -- Found @SpringBootConfiguration com.chamados.api.ChamadosApi for test class com.chamados.api.chamadosAPI.ChamadosApiTests

  .   ____          _            __ _ _
 /\\ / ___'_ __ _ _(_)_ __  __ _ \ \ \ \
( ( )\___ | '_ | '_| | '_ \/ _` | \ \ \ \
 \\/  ___)| |_)| | | | | || (_| |  ) ) ) )
  '  |____| .__|_| |_|_| |_\__, | / / / /
 =========|_|==============|___/=/_/_/_/

 :: Spring Boot ::                (v3.3.1)

2024-06-22T23:14:22.854-03:00  INFO 22028 --- [chamadosAPI] [           main] c.c.api.chamadosAPI.ChamadosApiTests     : Starting ChamadosApiTests using Java 22.0.1 with PID 22028 (started by ruanv in D:\ruanv\Documentos\chamados\API)
2024-06-22T23:14:22.856-03:00  INFO 22028 --- [chamadosAPI] [           main] c.c.api.chamadosAPI.ChamadosApiTests     : No active profile set, falling back to 1 default profile: "default"
2024-06-22T23:14:23.741-03:00  INFO 22028 --- [chamadosAPI] [           main] .s.d.r.c.RepositoryConfigurationDelegate : Bootstrapping Spring Data JPA repositories in DEFAULT mode.
2024-06-22T23:14:23.816-03:00  INFO 22028 --- [chamadosAPI] [           main] .s.d.r.c.RepositoryConfigurationDelegate : Finished Spring Data repository scanning in 65 ms. Found 3 JPA repository interfaces.
2024-06-22T23:14:24.487-03:00  INFO 22028 --- [chamadosAPI] [           main] com.zaxxer.hikari.HikariDataSource       : HikariPool-1 - Starting...
2024-06-22T23:14:24.729-03:00  INFO 22028 --- [chamadosAPI] [           main] com.zaxxer.hikari.pool.HikariPool        : HikariPool-1 - Added connection conn0: url=jdbc:h2:mem:testdb user=SA
2024-06-22T23:14:24.730-03:00  INFO 22028 --- [chamadosAPI] [           main] com.zaxxer.hikari.HikariDataSource       : HikariPool-1 - Start completed.
2024-06-22T23:14:24.776-03:00  INFO 22028 --- [chamadosAPI] [           main] org.flywaydb.core.FlywayExecutor         : Database: jdbc:h2:mem:testdb (H2 2.2)
2024-06-22T23:14:24.783-03:00  WARN 22028 --- [chamadosAPI] [           main] o.f.c.internal.database.base.Database    : Flyway upgrade recommended: H2 2.2.224 is newer than this version of Flyway and support has not been tested. The latest supported version of H2 is 2.2.220.
2024-06-22T23:14:24.800-03:00  INFO 22028 --- [chamadosAPI] [           main] o.f.c.i.s.JdbcTableSchemaHistory         : Schema history table "PUBLIC"."flyway_schema_history" does not exist yet
2024-06-22T23:14:24.802-03:00  INFO 22028 --- [chamadosAPI] [           main] o.f.core.internal.command.DbValidate     : Successfully validated 0 migrations (execution time 00:00.006s)
2024-06-22T23:14:24.802-03:00  WARN 22028 --- [chamadosAPI] [           main] o.f.core.internal.command.DbValidate     : No migrations found. Are your locations set up correctly?
2024-06-22T23:14:24.808-03:00  INFO 22028 --- [chamadosAPI] [           main] o.f.c.i.s.JdbcTableSchemaHistory         : Creating Schema History table "PUBLIC"."flyway_schema_history" ...
2024-06-22T23:14:24.850-03:00  INFO 22028 --- [chamadosAPI] [           main] o.f.core.internal.command.DbMigrate      : Current version of schema "PUBLIC": << Empty Schema >>
2024-06-22T23:14:24.855-03:00  INFO 22028 --- [chamadosAPI] [           main] o.f.core.internal.command.DbMigrate      : Schema "PUBLIC" is up to date. No migration necessary.
2024-06-22T23:14:24.974-03:00  INFO 22028 --- [chamadosAPI] [           main] o.hibernate.jpa.internal.util.LogHelper  : HHH000204: Processing PersistenceUnitInfo [name: default]
2024-06-22T23:14:25.084-03:00  INFO 22028 --- [chamadosAPI] [           main] org.hibernate.Version                    : HHH000412: Hibernate ORM core version 6.5.2.Final
2024-06-22T23:14:25.137-03:00  INFO 22028 --- [chamadosAPI] [           main] o.h.c.internal.RegionFactoryInitiator    : HHH000026: Second-level cache disabled
2024-06-22T23:14:25.528-03:00  INFO 22028 --- [chamadosAPI] [           main] o.s.o.j.p.SpringPersistenceUnitInfo      : No LoadTimeWeaver setup: ignoring JPA class transformer
2024-06-22T23:14:25.602-03:00  WARN 22028 --- [chamadosAPI] [           main] org.hibernate.orm.deprecation            : HHH90000025: H2Dialect does not need to be specified explicitly using 'hibernate.dialect' (remove the property setting and it will be selected by default)
2024-06-22T23:14:26.474-03:00  INFO 22028 --- [chamadosAPI] [           main] o.h.e.t.j.p.i.JtaPlatformInitiator       : HHH000489: No JTA platform available (set 'hibernate.transaction.jta.platform' to enable JTA platform integration)
2024-06-22T23:14:26.515-03:00  INFO 22028 --- [chamadosAPI] [           main] j.LocalContainerEntityManagerFactoryBean : Initialized JPA EntityManagerFactory for persistence unit 'default'
2024-06-22T23:14:26.946-03:00  WARN 22028 --- [chamadosAPI] [           main] JpaBaseConfiguration$JpaWebConfiguration : spring.jpa.open-in-view is enabled by default. Therefore, database queries may be performed during view rendering. Explicitly configure spring.jpa.open-in-view to disable this warning
2024-06-22T23:14:26.998-03:00  INFO 22028 --- [chamadosAPI] [           main] o.s.b.a.h2.H2ConsoleAutoConfiguration    : H2 console available at '/h2-console'. Database available at 'jdbc:h2:mem:testdb'
2024-06-22T23:14:27.531-03:00  INFO 22028 --- [chamadosAPI] [           main] c.c.api.chamadosAPI.ChamadosApiTests     : Started ChamadosApiTests in 5.059 seconds (process running for 6.498)
]]></system-out>
    <system-err><![CDATA[WARNING: A Java agent has been loaded dynamically (C:\Users\ruanv\.m2\repository\net\bytebuddy\byte-buddy-agent\1.14.17\byte-buddy-agent-1.14.17.jar)
WARNING: If a serviceability tool is in use, please run with -XX:+EnableDynamicAgentLoading to hide this warning
WARNING: If a serviceability tool is not in use, please run with -Djdk.instrument.traceUsage for more information
WARNING: Dynamic loading of agents will be disallowed by default in a future release
]]></system-err>
  </testcase>
</testsuite>